# JRE version: Java(TM) SE Runtime Environment (8.0_181-b13) (build 1.8.0_181-b13)
# Java VM: Java HotSpot(TM) 64-Bit Server VM (25.181-b13 mixed mode windows-amd64 compressed oops)
Heap:
 PSYoungGen      total 219648K, used 63182K [0x00000000d5d80000, 0x00000000e5a00000, 0x0000000100000000)
  eden space 206336K, 30% used [0x00000000d5d80000,0x00000000d9b33b30,0x00000000e2700000)
  from space 13312K, 0% used [0x00000000e3600000,0x00000000e3600000,0x00000000e4300000)
  to   space 15360K, 0% used [0x00000000e2700000,0x00000000e2700000,0x00000000e3600000)
 ParOldGen       total 48640K, used 19294K [0x0000000081800000, 0x0000000084780000, 0x00000000d5d80000)
  object space 48640K, 39% used [0x0000000081800000,0x0000000082ad7980,0x0000000084780000)
 Metaspace       used 36950K, capacity 38378K, committed 38528K, reserved 1083392K
  class space    used 4661K, capacity 4945K, committed 4992K, reserved 1048576K
GC Heap History (10 events):
Event: 4.794 GC heap before
{Heap before GC invocations=6 (full 1):
 PSYoungGen      total 71680K, used 5106K [0x00000000d5d80000, 0x00000000def80000, 0x0000000100000000)
  eden space 66560K, 0% used [0x00000000d5d80000,0x00000000d5d80000,0x00000000d9e80000)
  from space 5120K, 99% used [0x00000000d9e80000,0x00000000da37c858,0x00000000da380000)
  to   space 8192K, 0% used [0x00000000de780000,0x00000000de780000,0x00000000def80000)
 ParOldGen       total 87552K, used 4942K [0x0000000081800000, 0x0000000086d80000, 0x00000000d5d80000)
  object space 87552K, 5% used [0x0000000081800000,0x0000000081cd3a88,0x0000000086d80000)
 Metaspace       used 20516K, capacity 21110K, committed 21248K, reserved 1067008K
  class space    used 2642K, capacity 2812K, committed 2816K, reserved 1048576K
Event: 4.827 GC heap after
Heap after GC invocations=6 (full 1):
 PSYoungGen      total 71680K, used 0K [0x00000000d5d80000, 0x00000000def80000, 0x0000000100000000)
  eden space 66560K, 0% used [0x00000000d5d80000,0x00000000d5d80000,0x00000000d9e80000)
  from space 5120K, 0% used [0x00000000d9e80000,0x00000000d9e80000,0x00000000da380000)
  to   space 8192K, 0% used [0x00000000de780000,0x00000000de780000,0x00000000def80000)
 ParOldGen       total 48640K, used 6328K [0x0000000081800000, 0x0000000084780000, 0x00000000d5d80000)
  object space 48640K, 13% used [0x0000000081800000,0x0000000081e2e090,0x0000000084780000)
 Metaspace       used 20516K, capacity 21110K, committed 21248K, reserved 1067008K
  class space    used 2642K, capacity 2812K, committed 2816K, reserved 1048576K
}
Event: 6.501 GC heap before
{Heap before GC invocations=7 (full 1):
 PSYoungGen      total 71680K, used 66560K [0x00000000d5d80000, 0x00000000def80000, 0x0000000100000000)
  eden space 66560K, 100% used [0x00000000d5d80000,0x00000000d9e80000,0x00000000d9e80000)
  from space 5120K, 0% used [0x00000000d9e80000,0x00000000d9e80000,0x00000000da380000)
  to   space 8192K, 0% used [0x00000000de780000,0x00000000de780000,0x00000000def80000)
 ParOldGen       total 48640K, used 6328K [0x0000000081800000, 0x0000000084780000, 0x00000000d5d80000)
  object space 48640K, 13% used [0x0000000081800000,0x0000000081e2e090,0x0000000084780000)
 Metaspace       used 25263K, capacity 26098K, committed 26368K, reserved 1073152K
  class space    used 3246K, capacity 3469K, committed 3584K, reserved 1048576K
Event: 6.507 GC heap after
Heap after GC invocations=7 (full 1):
 PSYoungGen      total 126976K, used 8180K [0x00000000d5d80000, 0x00000000def80000, 0x0000000100000000)
  eden space 118784K, 0% used [0x00000000d5d80000,0x00000000d5d80000,0x00000000dd180000)
  from space 8192K, 99% used [0x00000000de780000,0x00000000def7d140,0x00000000def80000)
  to   space 9216K, 0% used [0x00000000ddd80000,0x00000000ddd80000,0x00000000de680000)
 ParOldGen       total 48640K, used 6507K [0x0000000081800000, 0x0000000084780000, 0x00000000d5d80000)
  object space 48640K, 13% used [0x0000000081800000,0x0000000081e5ad20,0x0000000084780000)
 Metaspace       used 25263K, capacity 26098K, committed 26368K, reserved 1073152K
  class space    used 3246K, capacity 3469K, committed 3584K, reserved 1048576K
}
Event: 9.119 GC heap before
{Heap before GC invocations=8 (full 1):
 PSYoungGen      total 126976K, used 126964K [0x00000000d5d80000, 0x00000000def80000, 0x0000000100000000)
  eden space 118784K, 100% used [0x00000000d5d80000,0x00000000dd180000,0x00000000dd180000)
  from space 8192K, 99% used [0x00000000de780000,0x00000000def7d140,0x00000000def80000)
  to   space 9216K, 0% used [0x00000000ddd80000,0x00000000ddd80000,0x00000000de680000)
 ParOldGen       total 48640K, used 6507K [0x0000000081800000, 0x0000000084780000, 0x00000000d5d80000)
  object space 48640K, 13% used [0x0000000081800000,0x0000000081e5ad20,0x0000000084780000)
 Metaspace       used 29903K, capacity 30968K, committed 31360K, reserved 1077248K
  class space    used 3851K, capacity 4112K, committed 4224K, reserved 1048576K
Event: 9.143 GC heap after
Heap after GC invocations=8 (full 1):
 PSYoungGen      total 140288K, used 9209K [0x00000000d5d80000, 0x00000000e4300000, 0x0000000100000000)
  eden space 131072K, 0% used [0x00000000d5d80000,0x00000000d5d80000,0x00000000ddd80000)
  from space 9216K, 99% used [0x00000000ddd80000,0x00000000de67e640,0x00000000de680000)
  to   space 13312K, 0% used [0x00000000e3600000,0x00000000e3600000,0x00000000e4300000)
 ParOldGen       total 48640K, used 12548K [0x0000000081800000, 0x0000000084780000, 0x00000000d5d80000)
  object space 48640K, 25% used [0x0000000081800000,0x00000000824410a8,0x0000000084780000)
 Metaspace       used 29903K, capacity 30968K, committed 31360K, reserved 1077248K
  class space    used 3851K, capacity 4112K, committed 4224K, reserved 1048576K
}
Event: 10.377 GC heap before
{Heap before GC invocations=9 (full 1):
 PSYoungGen      total 140288K, used 69676K [0x00000000d5d80000, 0x00000000e4300000, 0x0000000100000000)
  eden space 131072K, 46% used [0x00000000d5d80000,0x00000000d988cc98,0x00000000ddd80000)
  from space 9216K, 99% used [0x00000000ddd80000,0x00000000de67e640,0x00000000de680000)
  to   space 13312K, 0% used [0x00000000e3600000,0x00000000e3600000,0x00000000e4300000)
 ParOldGen       total 48640K, used 12548K [0x0000000081800000, 0x0000000084780000, 0x00000000d5d80000)
  object space 48640K, 25% used [0x0000000081800000,0x00000000824410a8,0x0000000084780000)
 Metaspace       used 33952K, capacity 35336K, committed 35416K, reserved 1081344K
  class space    used 4322K, capacity 4608K, committed 4608K, reserved 1048576K
Event: 10.396 GC heap after
Heap after GC invocations=9 (full 1):
 PSYoungGen      total 219648K, used 13305K [0x00000000d5d80000, 0x00000000e5a00000, 0x0000000100000000)
  eden space 206336K, 0% used [0x00000000d5d80000,0x00000000d5d80000,0x00000000e2700000)
  from space 13312K, 99% used [0x00000000e3600000,0x00000000e42fe450,0x00000000e4300000)
  to   space 15360K, 0% used [0x00000000e2700000,0x00000000e2700000,0x00000000e3600000)
 ParOldGen       total 48640K, used 13517K [0x0000000081800000, 0x0000000084780000, 0x00000000d5d80000)
  object space 48640K, 27% used [0x0000000081800000,0x0000000082533688,0x0000000084780000)
 Metaspace       used 33952K, capacity 35336K, committed 35416K, reserved 1081344K
  class space    used 4322K, capacity 4608K, committed 4608K, reserved 1048576K
}
Event: 10.396 GC heap before
{Heap before GC invocations=10 (full 2):
 PSYoungGen      total 219648K, used 13305K [0x00000000d5d80000, 0x00000000e5a00000, 0x0000000100000000)
  eden space 206336K, 0% used [0x00000000d5d80000,0x00000000d5d80000,0x00000000e2700000)
  from space 13312K, 99% used [0x00000000e3600000,0x00000000e42fe450,0x00000000e4300000)
  to   space 15360K, 0% used [0x00000000e2700000,0x00000000e2700000,0x00000000e3600000)
 ParOldGen       total 48640K, used 13517K [0x0000000081800000, 0x0000000084780000, 0x00000000d5d80000)
  object space 48640K, 27% used [0x0000000081800000,0x0000000082533688,0x0000000084780000)
 Metaspace       used 33952K, capacity 35336K, committed 35416K, reserved 1081344K
  class space    used 4322K, capacity 4608K, committed 4608K, reserved 1048576K
Event: 10.488 GC heap after
Heap after GC invocations=10 (full 2):
 PSYoungGen      total 219648K, used 0K [0x00000000d5d80000, 0x00000000e5a00000, 0x0000000100000000)
  eden space 206336K, 0% used [0x00000000d5d80000,0x00000000d5d80000,0x00000000e2700000)
  from space 13312K, 0% used [0x00000000e3600000,0x00000000e3600000,0x00000000e4300000)
  to   space 15360K, 0% used [0x00000000e2700000,0x00000000e2700000,0x00000000e3600000)
 ParOldGen       total 48640K, used 19294K [0x0000000081800000, 0x0000000084780000, 0x00000000d5d80000)
  object space 48640K, 39% used [0x0000000081800000,0x0000000082ad7980,0x0000000084780000)
 Metaspace       used 33952K, capacity 35336K, committed 35416K, reserved 1081344K
  class space    used 4322K, capacity 4608K, committed 4608K, reserved 1048576K
}

